<?xml version="1.0" encoding="UTF-8"?>
<testsuite xmlns:xsi="http://www.w3.org/2001/XMLSchema-instance" xsi:noNamespaceSchemaLocation="https://maven.apache.org/surefire/maven-surefire-plugin/xsd/surefire-test-report-3.0.xsd" version="3.0" name="com.bupt.dnsrelay.IntegrationTest" time="0.016" tests="6" errors="0" skipped="0" failures="0">
  <properties>
[...]
</properties>
  <testcase name="testLocalResolutionWorkflow" classname="com.bupt.dnsrelay.IntegrationTest" time="0.003">
    <system-out><![CDATA[Loading DNS configuration from: C:\Users\Xuan\AppData\Local\Temp\integration_test_config12627352819020877347.txt
Loaded: blocked.test.com -> 0.0.0.0 (BLOCKED)
Loaded: ads.malware.com -> 0.0.0.0 (BLOCKED)
Loaded: local.test.com -> 192.168.1.100
Loaded: localhost.test.com -> 127.0.0.1
Loaded: server.internal.com -> 10.0.0.1
Loaded 5 domain entries from configuration file
]]></system-out>
  </testcase>
  <testcase name="testRelayForwardingWorkflow" classname="com.bupt.dnsrelay.IntegrationTest" time="0.003">
    <system-out><![CDATA[Loading DNS configuration from: C:\Users\Xuan\AppData\Local\Temp\integration_test_config4222757826898709315.txt
Loaded: blocked.test.com -> 0.0.0.0 (BLOCKED)
Loaded: ads.malware.com -> 0.0.0.0 (BLOCKED)
Loaded: local.test.com -> 192.168.1.100
Loaded: localhost.test.com -> 127.0.0.1
Loaded: server.internal.com -> 10.0.0.1
Loaded 5 domain entries from configuration file
]]></system-out>
  </testcase>
  <testcase name="testDNSMessageAndRecordIntegration" classname="com.bupt.dnsrelay.IntegrationTest" time="0.003">
    <system-out><![CDATA[Loading DNS configuration from: C:\Users\Xuan\AppData\Local\Temp\integration_test_config18123717205780957635.txt
Loaded: blocked.test.com -> 0.0.0.0 (BLOCKED)
Loaded: ads.malware.com -> 0.0.0.0 (BLOCKED)
Loaded: local.test.com -> 192.168.1.100
Loaded: localhost.test.com -> 127.0.0.1
Loaded: server.internal.com -> 10.0.0.1
Loaded 5 domain entries from configuration file
]]></system-out>
  </testcase>
  <testcase name="testCaseInsensitiveIntegration" classname="com.bupt.dnsrelay.IntegrationTest" time="0.002">
    <system-out><![CDATA[Loading DNS configuration from: C:\Users\Xuan\AppData\Local\Temp\integration_test_config3227046903552252931.txt
Loaded: blocked.test.com -> 0.0.0.0 (BLOCKED)
Loaded: ads.malware.com -> 0.0.0.0 (BLOCKED)
Loaded: local.test.com -> 192.168.1.100
Loaded: localhost.test.com -> 127.0.0.1
Loaded: server.internal.com -> 10.0.0.1
Loaded 5 domain entries from configuration file
]]></system-out>
  </testcase>
  <testcase name="testMultipleDomainTypes" classname="com.bupt.dnsrelay.IntegrationTest" time="0.003">
    <system-out><![CDATA[Loading DNS configuration from: C:\Users\Xuan\AppData\Local\Temp\integration_test_config16293056878476196519.txt
Loaded: blocked.test.com -> 0.0.0.0 (BLOCKED)
Loaded: ads.malware.com -> 0.0.0.0 (BLOCKED)
Loaded: local.test.com -> 192.168.1.100
Loaded: localhost.test.com -> 127.0.0.1
Loaded: server.internal.com -> 10.0.0.1
Loaded 5 domain entries from configuration file
]]></system-out>
  </testcase>
  <testcase name="testDomainBlockingWorkflow" classname="com.bupt.dnsrelay.IntegrationTest" time="0.002">
    <system-out><![CDATA[Loading DNS configuration from: C:\Users\Xuan\AppData\Local\Temp\integration_test_config5285743974463023695.txt
Loaded: blocked.test.com -> 0.0.0.0 (BLOCKED)
Loaded: ads.malware.com -> 0.0.0.0 (BLOCKED)
Loaded: local.test.com -> 192.168.1.100
Loaded: localhost.test.com -> 127.0.0.1
Loaded: server.internal.com -> 10.0.0.1
Loaded 5 domain entries from configuration file
]]></system-out>
  </testcase>
</testsuite>